# JRE version: Java(TM) SE Runtime Environment (8.0_131-b11) (build 1.8.0_131-b11)
# Java VM: Java HotSpot(TM) 64-Bit Server VM (25.131-b11 mixed mode windows-amd64 compressed oops)
Heap:
 PSYoungGen      total 207872K, used 18036K [0x0000000740700000, 0x000000074e280000, 0x00000007c0000000)
  eden space 192000K, 8% used [0x0000000740700000,0x00000007416426f8,0x000000074c280000)
  from space 15872K, 15% used [0x000000074d300000,0x000000074d55a948,0x000000074e280000)
  to   space 16384K, 0% used [0x000000074c280000,0x000000074c280000,0x000000074d280000)
 ParOldGen       total 108544K, used 9757K [0x0000000641400000, 0x0000000647e00000, 0x0000000740700000)
  object space 108544K, 8% used [0x0000000641400000,0x0000000641d874b0,0x0000000647e00000)
 Metaspace       used 22537K, capacity 23386K, committed 23552K, reserved 1069056K
  class space    used 3039K, capacity 3250K, committed 3328K, reserved 1048576K
GC Heap History (10 events):
Event: 31.097 GC heap before
{Heap before GC invocations=1 (full 0):
 PSYoungGen      total 114688K, used 82669K [0x0000000740700000, 0x0000000748700000, 0x00000007c0000000)
  eden space 98304K, 84% used [0x0000000740700000,0x00000007457bb5c0,0x0000000746700000)
  from space 16384K, 0% used [0x0000000747700000,0x0000000747700000,0x0000000748700000)
  to   space 16384K, 0% used [0x0000000746700000,0x0000000746700000,0x0000000747700000)
 ParOldGen       total 262144K, used 0K [0x0000000641400000, 0x0000000651400000, 0x0000000740700000)
  object space 262144K, 0% used [0x0000000641400000,0x0000000641400000,0x0000000651400000)
 Metaspace       used 20299K, capacity 21108K, committed 21248K, reserved 1067008K
  class space    used 2822K, capacity 3011K, committed 3072K, reserved 1048576K
Event: 31.105 GC heap after
Heap after GC invocations=1 (full 0):
 PSYoungGen      total 114688K, used 11858K [0x0000000740700000, 0x0000000748700000, 0x00000007c0000000)
  eden space 98304K, 0% used [0x0000000740700000,0x0000000740700000,0x0000000746700000)
  from space 16384K, 72% used [0x0000000746700000,0x0000000747294960,0x0000000747700000)
  to   space 16384K, 0% used [0x0000000747700000,0x0000000747700000,0x0000000748700000)
 ParOldGen       total 262144K, used 51K [0x0000000641400000, 0x0000000651400000, 0x0000000740700000)
  object space 262144K, 0% used [0x0000000641400000,0x000000064140cc50,0x0000000651400000)
 Metaspace       used 20299K, capacity 21108K, committed 21248K, reserved 1067008K
  class space    used 2822K, capacity 3011K, committed 3072K, reserved 1048576K
}
Event: 31.105 GC heap before
{Heap before GC invocations=2 (full 1):
 PSYoungGen      total 114688K, used 11858K [0x0000000740700000, 0x0000000748700000, 0x00000007c0000000)
  eden space 98304K, 0% used [0x0000000740700000,0x0000000740700000,0x0000000746700000)
  from space 16384K, 72% used [0x0000000746700000,0x0000000747294960,0x0000000747700000)
  to   space 16384K, 0% used [0x0000000747700000,0x0000000747700000,0x0000000748700000)
 ParOldGen       total 262144K, used 51K [0x0000000641400000, 0x0000000651400000, 0x0000000740700000)
  object space 262144K, 0% used [0x0000000641400000,0x000000064140cc50,0x0000000651400000)
 Metaspace       used 20299K, capacity 21108K, committed 21248K, reserved 1067008K
  class space    used 2822K, capacity 3011K, committed 3072K, reserved 1048576K
Event: 31.132 GC heap after
Heap after GC invocations=2 (full 1):
 PSYoungGen      total 114688K, used 0K [0x0000000740700000, 0x0000000748700000, 0x00000007c0000000)
  eden space 98304K, 0% used [0x0000000740700000,0x0000000740700000,0x0000000746700000)
  from space 16384K, 0% used [0x0000000746700000,0x0000000746700000,0x0000000747700000)
  to   space 16384K, 0% used [0x0000000747700000,0x0000000747700000,0x0000000748700000)
 ParOldGen       total 108544K, used 9733K [0x0000000641400000, 0x0000000647e00000, 0x0000000740700000)
  object space 108544K, 8% used [0x0000000641400000,0x0000000641d814b0,0x0000000647e00000)
 Metaspace       used 20299K, capacity 21108K, committed 21248K, reserved 1067008K
  class space    used 2822K, capacity 3011K, committed 3072K, reserved 1048576K
}
Event: 31.524 GC heap before
{Heap before GC invocations=3 (full 1):
 PSYoungGen      total 114688K, used 98253K [0x0000000740700000, 0x0000000748700000, 0x00000007c0000000)
  eden space 98304K, 99% used [0x0000000740700000,0x00000007466f3620,0x0000000746700000)
  from space 16384K, 0% used [0x0000000746700000,0x0000000746700000,0x0000000747700000)
  to   space 16384K, 0% used [0x0000000747700000,0x0000000747700000,0x0000000748700000)
 ParOldGen       total 108544K, used 9733K [0x0000000641400000, 0x0000000647e00000, 0x0000000740700000)
  object space 108544K, 8% used [0x0000000641400000,0x0000000641d814b0,0x0000000647e00000)
 Metaspace       used 21981K, capacity 22766K, committed 22912K, reserved 1069056K
  class space    used 2988K, capacity 3176K, committed 3200K, reserved 1048576K
Event: 31.527 GC heap after
Heap after GC invocations=3 (full 1):
 PSYoungGen      total 114688K, used 2479K [0x0000000740700000, 0x0000000748700000, 0x00000007c0000000)
  eden space 98304K, 0% used [0x0000000740700000,0x0000000740700000,0x0000000746700000)
  from space 16384K, 15% used [0x0000000747700000,0x000000074796bc78,0x0000000748700000)
  to   space 16384K, 0% used [0x0000000746700000,0x0000000746700000,0x0000000747700000)
 ParOldGen       total 108544K, used 9741K [0x0000000641400000, 0x0000000647e00000, 0x0000000740700000)
  object space 108544K, 8% used [0x0000000641400000,0x0000000641d834b0,0x0000000647e00000)
 Metaspace       used 21981K, capacity 22766K, committed 22912K, reserved 1069056K
  class space    used 2988K, capacity 3176K, committed 3200K, reserved 1048576K
}
Event: 31.547 GC heap before
{Heap before GC invocations=4 (full 1):
 PSYoungGen      total 114688K, used 100775K [0x0000000740700000, 0x0000000748700000, 0x00000007c0000000)
  eden space 98304K, 99% used [0x0000000740700000,0x00000007466fe228,0x0000000746700000)
  from space 16384K, 15% used [0x0000000747700000,0x000000074796bc78,0x0000000748700000)
  to   space 16384K, 0% used [0x0000000746700000,0x0000000746700000,0x0000000747700000)
 ParOldGen       total 108544K, used 9741K [0x0000000641400000, 0x0000000647e00000, 0x0000000740700000)
  object space 108544K, 8% used [0x0000000641400000,0x0000000641d834b0,0x0000000647e00000)
 Metaspace       used 21981K, capacity 22766K, committed 22912K, reserved 1069056K
  class space    used 2988K, capacity 3176K, committed 3200K, reserved 1048576K
Event: 31.549 GC heap after
Heap after GC invocations=4 (full 1):
 PSYoungGen      total 114688K, used 1398K [0x0000000740700000, 0x000000074e300000, 0x00000007c0000000)
  eden space 98304K, 0% used [0x0000000740700000,0x0000000740700000,0x0000000746700000)
  from space 16384K, 8% used [0x0000000746700000,0x000000074685d848,0x0000000747700000)
  to   space 16384K, 0% used [0x000000074d300000,0x000000074d300000,0x000000074e300000)
 ParOldGen       total 108544K, used 9749K [0x0000000641400000, 0x0000000647e00000, 0x0000000740700000)
  object space 108544K, 8% used [0x0000000641400000,0x0000000641d854b0,0x0000000647e00000)
 Metaspace       used 21981K, capacity 22766K, committed 22912K, reserved 1069056K
  class space    used 2988K, capacity 3176K, committed 3200K, reserved 1048576K
}
Event: 31.822 GC heap before
{Heap before GC invocations=5 (full 1):
 PSYoungGen      total 114688K, used 99702K [0x0000000740700000, 0x000000074e300000, 0x00000007c0000000)
  eden space 98304K, 100% used [0x0000000740700000,0x0000000746700000,0x0000000746700000)
  from space 16384K, 8% used [0x0000000746700000,0x000000074685d848,0x0000000747700000)
  to   space 16384K, 0% used [0x000000074d300000,0x000000074d300000,0x000000074e300000)
 ParOldGen       total 108544K, used 9749K [0x0000000641400000, 0x0000000647e00000, 0x0000000740700000)
  object space 108544K, 8% used [0x0000000641400000,0x0000000641d854b0,0x0000000647e00000)
 Metaspace       used 22477K, capacity 23386K, committed 23552K, reserved 1069056K
  class space    used 3037K, capacity 3250K, committed 3328K, reserved 1048576K
Event: 31.824 GC heap after
Heap after GC invocations=5 (full 1):
 PSYoungGen      total 207872K, used 2410K [0x0000000740700000, 0x000000074e280000, 0x00000007c0000000)
  eden space 192000K, 0% used [0x0000000740700000,0x0000000740700000,0x000000074c280000)
  from space 15872K, 15% used [0x000000074d300000,0x000000074d55a948,0x000000074e280000)
  to   space 16384K, 0% used [0x000000074c280000,0x000000074c280000,0x000000074d280000)
 ParOldGen       total 108544K, used 9757K [0x0000000641400000, 0x0000000647e00000, 0x0000000740700000)
  object space 108544K, 8% used [0x0000000641400000,0x0000000641d874b0,0x0000000647e00000)
 Metaspace       used 22477K, capacity 23386K, committed 23552K, reserved 1069056K
  class space    used 3037K, capacity 3250K, committed 3328K, reserved 1048576K
}

