# JRE version: Java(TM) SE Runtime Environment (8.0_131-b11) (build 1.8.0_131-b11)
# Java VM: Java HotSpot(TM) 64-Bit Server VM (25.131-b11 mixed mode windows-amd64 compressed oops)
Heap:
 PSYoungGen      total 200704K, used 18564K [0x0000000740700000, 0x000000074dd00000, 0x00000007c0000000)
  eden space 186368K, 8% used [0x0000000740700000,0x00000007416be838,0x000000074bd00000)
  from space 14336K, 17% used [0x000000074cf00000,0x000000074d162b68,0x000000074dd00000)
  to   space 16384K, 0% used [0x000000074bd00000,0x000000074bd00000,0x000000074cd00000)
 ParOldGen       total 108544K, used 9732K [0x0000000641400000, 0x0000000647e00000, 0x0000000740700000)
  object space 108544K, 8% used [0x0000000641400000,0x0000000641d81108,0x0000000647e00000)
 Metaspace       used 22284K, capacity 23160K, committed 23552K, reserved 1069056K
  class space    used 3031K, capacity 3239K, committed 3328K, reserved 1048576K
GC Heap History (10 events):
Event: 8.724 GC heap before
{Heap before GC invocations=1 (full 0):
 PSYoungGen      total 114688K, used 74796K [0x0000000740700000, 0x0000000748700000, 0x00000007c0000000)
  eden space 98304K, 76% used [0x0000000740700000,0x000000074500b380,0x0000000746700000)
  from space 16384K, 0% used [0x0000000747700000,0x0000000747700000,0x0000000748700000)
  to   space 16384K, 0% used [0x0000000746700000,0x0000000746700000,0x0000000747700000)
 ParOldGen       total 262144K, used 0K [0x0000000641400000, 0x0000000651400000, 0x0000000740700000)
  object space 262144K, 0% used [0x0000000641400000,0x0000000641400000,0x0000000651400000)
 Metaspace       used 20337K, capacity 21110K, committed 21248K, reserved 1067008K
  class space    used 2845K, capacity 3034K, committed 3072K, reserved 1048576K
Event: 8.732 GC heap after
Heap after GC invocations=1 (full 0):
 PSYoungGen      total 114688K, used 11826K [0x0000000740700000, 0x0000000748700000, 0x00000007c0000000)
  eden space 98304K, 0% used [0x0000000740700000,0x0000000740700000,0x0000000746700000)
  from space 16384K, 72% used [0x0000000746700000,0x000000074728c940,0x0000000747700000)
  to   space 16384K, 0% used [0x0000000747700000,0x0000000747700000,0x0000000748700000)
 ParOldGen       total 262144K, used 43K [0x0000000641400000, 0x0000000651400000, 0x0000000740700000)
  object space 262144K, 0% used [0x0000000641400000,0x000000064140ac50,0x0000000651400000)
 Metaspace       used 20337K, capacity 21110K, committed 21248K, reserved 1067008K
  class space    used 2845K, capacity 3034K, committed 3072K, reserved 1048576K
}
Event: 8.732 GC heap before
{Heap before GC invocations=2 (full 1):
 PSYoungGen      total 114688K, used 11826K [0x0000000740700000, 0x0000000748700000, 0x00000007c0000000)
  eden space 98304K, 0% used [0x0000000740700000,0x0000000740700000,0x0000000746700000)
  from space 16384K, 72% used [0x0000000746700000,0x000000074728c940,0x0000000747700000)
  to   space 16384K, 0% used [0x0000000747700000,0x0000000747700000,0x0000000748700000)
 ParOldGen       total 262144K, used 43K [0x0000000641400000, 0x0000000651400000, 0x0000000740700000)
  object space 262144K, 0% used [0x0000000641400000,0x000000064140ac50,0x0000000651400000)
 Metaspace       used 20337K, capacity 21110K, committed 21248K, reserved 1067008K
  class space    used 2845K, capacity 3034K, committed 3072K, reserved 1048576K
Event: 8.757 GC heap after
Heap after GC invocations=2 (full 1):
 PSYoungGen      total 114688K, used 0K [0x0000000740700000, 0x0000000748700000, 0x00000007c0000000)
  eden space 98304K, 0% used [0x0000000740700000,0x0000000740700000,0x0000000746700000)
  from space 16384K, 0% used [0x0000000746700000,0x0000000746700000,0x0000000747700000)
  to   space 16384K, 0% used [0x0000000747700000,0x0000000747700000,0x0000000748700000)
 ParOldGen       total 108544K, used 9716K [0x0000000641400000, 0x0000000647e00000, 0x0000000740700000)
  object space 108544K, 8% used [0x0000000641400000,0x0000000641d7d108,0x0000000647e00000)
 Metaspace       used 20337K, capacity 21110K, committed 21248K, reserved 1067008K
  class space    used 2845K, capacity 3034K, committed 3072K, reserved 1048576K
}
Event: 9.087 GC heap before
{Heap before GC invocations=3 (full 1):
 PSYoungGen      total 114688K, used 98260K [0x0000000740700000, 0x0000000748700000, 0x00000007c0000000)
  eden space 98304K, 99% used [0x0000000740700000,0x00000007466f5048,0x0000000746700000)
  from space 16384K, 0% used [0x0000000746700000,0x0000000746700000,0x0000000747700000)
  to   space 16384K, 0% used [0x0000000747700000,0x0000000747700000,0x0000000748700000)
 ParOldGen       total 108544K, used 9716K [0x0000000641400000, 0x0000000647e00000, 0x0000000740700000)
  object space 108544K, 8% used [0x0000000641400000,0x0000000641d7d108,0x0000000647e00000)
 Metaspace       used 21712K, capacity 22514K, committed 22656K, reserved 1069056K
  class space    used 2981K, capacity 3134K, committed 3200K, reserved 1048576K
Event: 9.090 GC heap after
Heap after GC invocations=3 (full 1):
 PSYoungGen      total 114688K, used 2401K [0x0000000740700000, 0x0000000748700000, 0x00000007c0000000)
  eden space 98304K, 0% used [0x0000000740700000,0x0000000740700000,0x0000000746700000)
  from space 16384K, 14% used [0x0000000747700000,0x00000007479586c0,0x0000000748700000)
  to   space 16384K, 0% used [0x0000000746700000,0x0000000746700000,0x0000000747700000)
 ParOldGen       total 108544K, used 9724K [0x0000000641400000, 0x0000000647e00000, 0x0000000740700000)
  object space 108544K, 8% used [0x0000000641400000,0x0000000641d7f108,0x0000000647e00000)
 Metaspace       used 21712K, capacity 22514K, committed 22656K, reserved 1069056K
  class space    used 2981K, capacity 3134K, committed 3200K, reserved 1048576K
}
Event: 9.109 GC heap before
{Heap before GC invocations=4 (full 1):
 PSYoungGen      total 114688K, used 100679K [0x0000000740700000, 0x0000000748700000, 0x00000007c0000000)
  eden space 98304K, 99% used [0x0000000740700000,0x00000007466f9708,0x0000000746700000)
  from space 16384K, 14% used [0x0000000747700000,0x00000007479586c0,0x0000000748700000)
  to   space 16384K, 0% used [0x0000000746700000,0x0000000746700000,0x0000000747700000)
 ParOldGen       total 108544K, used 9724K [0x0000000641400000, 0x0000000647e00000, 0x0000000740700000)
  object space 108544K, 8% used [0x0000000641400000,0x0000000641d7f108,0x0000000647e00000)
 Metaspace       used 21714K, capacity 22514K, committed 22656K, reserved 1069056K
  class space    used 2981K, capacity 3134K, committed 3200K, reserved 1048576K
Event: 9.111 GC heap after
Heap after GC invocations=4 (full 1):
 PSYoungGen      total 114688K, used 1348K [0x0000000740700000, 0x000000074df00000, 0x00000007c0000000)
  eden space 98304K, 0% used [0x0000000740700000,0x0000000740700000,0x0000000746700000)
  from space 16384K, 8% used [0x0000000746700000,0x0000000746851198,0x0000000747700000)
  to   space 16384K, 0% used [0x000000074cf00000,0x000000074cf00000,0x000000074df00000)
 ParOldGen       total 108544K, used 9724K [0x0000000641400000, 0x0000000647e00000, 0x0000000740700000)
  object space 108544K, 8% used [0x0000000641400000,0x0000000641d7f108,0x0000000647e00000)
 Metaspace       used 21714K, capacity 22514K, committed 22656K, reserved 1069056K
  class space    used 2981K, capacity 3134K, committed 3200K, reserved 1048576K
}
Event: 9.382 GC heap before
{Heap before GC invocations=5 (full 1):
 PSYoungGen      total 114688K, used 99652K [0x0000000740700000, 0x000000074df00000, 0x00000007c0000000)
  eden space 98304K, 100% used [0x0000000740700000,0x0000000746700000,0x0000000746700000)
  from space 16384K, 8% used [0x0000000746700000,0x0000000746851198,0x0000000747700000)
  to   space 16384K, 0% used [0x000000074cf00000,0x000000074cf00000,0x000000074df00000)
 ParOldGen       total 108544K, used 9724K [0x0000000641400000, 0x0000000647e00000, 0x0000000740700000)
  object space 108544K, 8% used [0x0000000641400000,0x0000000641d7f108,0x0000000647e00000)
 Metaspace       used 22192K, capacity 23032K, committed 23296K, reserved 1069056K
  class space    used 3030K, capacity 3239K, committed 3328K, reserved 1048576K
Event: 9.385 GC heap after
Heap after GC invocations=5 (full 1):
 PSYoungGen      total 200704K, used 2442K [0x0000000740700000, 0x000000074dd00000, 0x00000007c0000000)
  eden space 186368K, 0% used [0x0000000740700000,0x0000000740700000,0x000000074bd00000)
  from space 14336K, 17% used [0x000000074cf00000,0x000000074d162b68,0x000000074dd00000)
  to   space 16384K, 0% used [0x000000074bd00000,0x000000074bd00000,0x000000074cd00000)
 ParOldGen       total 108544K, used 9732K [0x0000000641400000, 0x0000000647e00000, 0x0000000740700000)
  object space 108544K, 8% used [0x0000000641400000,0x0000000641d81108,0x0000000647e00000)
 Metaspace       used 22192K, capacity 23032K, committed 23296K, reserved 1069056K
  class space    used 3030K, capacity 3239K, committed 3328K, reserved 1048576K
}

