# JRE version: Java(TM) SE Runtime Environment (8.0_131-b11) (build 1.8.0_131-b11)
# Java VM: Java HotSpot(TM) 64-Bit Server VM (25.131-b11 mixed mode windows-amd64 compressed oops)
Heap:
 PSYoungGen      total 197632K, used 15058K [0x0000000740700000, 0x000000074da00000, 0x00000007c0000000)
  eden space 183296K, 6% used [0x0000000740700000,0x0000000741356d38,0x000000074ba00000)
  from space 14336K, 16% used [0x000000074cc00000,0x000000074ce5dbd0,0x000000074da00000)
  to   space 16384K, 0% used [0x000000074ba00000,0x000000074ba00000,0x000000074ca00000)
 ParOldGen       total 108544K, used 9743K [0x0000000641400000, 0x0000000647e00000, 0x0000000740700000)
  object space 108544K, 8% used [0x0000000641400000,0x0000000641d83d78,0x0000000647e00000)
 Metaspace       used 22300K, capacity 23128K, committed 23552K, reserved 1069056K
  class space    used 3028K, capacity 3207K, committed 3328K, reserved 1048576K
GC Heap History (10 events):
Event: 8.821 GC heap before
{Heap before GC invocations=1 (full 0):
 PSYoungGen      total 114688K, used 74798K [0x0000000740700000, 0x0000000748700000, 0x00000007c0000000)
  eden space 98304K, 76% used [0x0000000740700000,0x000000074500b870,0x0000000746700000)
  from space 16384K, 0% used [0x0000000747700000,0x0000000747700000,0x0000000748700000)
  to   space 16384K, 0% used [0x0000000746700000,0x0000000746700000,0x0000000747700000)
 ParOldGen       total 262144K, used 0K [0x0000000641400000, 0x0000000651400000, 0x0000000740700000)
  object space 262144K, 0% used [0x0000000641400000,0x0000000641400000,0x0000000651400000)
 Metaspace       used 20362K, capacity 21114K, committed 21248K, reserved 1067008K
  class space    used 2842K, capacity 3034K, committed 3072K, reserved 1048576K
Event: 8.828 GC heap after
Heap after GC invocations=1 (full 0):
 PSYoungGen      total 114688K, used 11846K [0x0000000740700000, 0x0000000748700000, 0x00000007c0000000)
  eden space 98304K, 0% used [0x0000000740700000,0x0000000740700000,0x0000000746700000)
  from space 16384K, 72% used [0x0000000746700000,0x0000000747291b70,0x0000000747700000)
  to   space 16384K, 0% used [0x0000000747700000,0x0000000747700000,0x0000000748700000)
 ParOldGen       total 262144K, used 43K [0x0000000641400000, 0x0000000651400000, 0x0000000740700000)
  object space 262144K, 0% used [0x0000000641400000,0x000000064140ac50,0x0000000651400000)
 Metaspace       used 20362K, capacity 21114K, committed 21248K, reserved 1067008K
  class space    used 2842K, capacity 3034K, committed 3072K, reserved 1048576K
}
Event: 8.828 GC heap before
{Heap before GC invocations=2 (full 1):
 PSYoungGen      total 114688K, used 11846K [0x0000000740700000, 0x0000000748700000, 0x00000007c0000000)
  eden space 98304K, 0% used [0x0000000740700000,0x0000000740700000,0x0000000746700000)
  from space 16384K, 72% used [0x0000000746700000,0x0000000747291b70,0x0000000747700000)
  to   space 16384K, 0% used [0x0000000747700000,0x0000000747700000,0x0000000748700000)
 ParOldGen       total 262144K, used 43K [0x0000000641400000, 0x0000000651400000, 0x0000000740700000)
  object space 262144K, 0% used [0x0000000641400000,0x000000064140ac50,0x0000000651400000)
 Metaspace       used 20362K, capacity 21114K, committed 21248K, reserved 1067008K
  class space    used 2842K, capacity 3034K, committed 3072K, reserved 1048576K
Event: 8.854 GC heap after
Heap after GC invocations=2 (full 1):
 PSYoungGen      total 114688K, used 0K [0x0000000740700000, 0x0000000748700000, 0x00000007c0000000)
  eden space 98304K, 0% used [0x0000000740700000,0x0000000740700000,0x0000000746700000)
  from space 16384K, 0% used [0x0000000746700000,0x0000000746700000,0x0000000747700000)
  to   space 16384K, 0% used [0x0000000747700000,0x0000000747700000,0x0000000748700000)
 ParOldGen       total 108544K, used 9719K [0x0000000641400000, 0x0000000647e00000, 0x0000000740700000)
  object space 108544K, 8% used [0x0000000641400000,0x0000000641d7dd78,0x0000000647e00000)
 Metaspace       used 20362K, capacity 21114K, committed 21248K, reserved 1067008K
  class space    used 2842K, capacity 3034K, committed 3072K, reserved 1048576K
}
Event: 9.204 GC heap before
{Heap before GC invocations=3 (full 1):
 PSYoungGen      total 114688K, used 98224K [0x0000000740700000, 0x0000000748700000, 0x00000007c0000000)
  eden space 98304K, 99% used [0x0000000740700000,0x00000007466ec148,0x0000000746700000)
  from space 16384K, 0% used [0x0000000746700000,0x0000000746700000,0x0000000747700000)
  to   space 16384K, 0% used [0x0000000747700000,0x0000000747700000,0x0000000748700000)
 ParOldGen       total 108544K, used 9719K [0x0000000641400000, 0x0000000647e00000, 0x0000000740700000)
  object space 108544K, 8% used [0x0000000641400000,0x0000000641d7dd78,0x0000000647e00000)
 Metaspace       used 21738K, capacity 22546K, committed 22656K, reserved 1069056K
  class space    used 2979K, capacity 3166K, committed 3200K, reserved 1048576K
Event: 9.208 GC heap after
Heap after GC invocations=3 (full 1):
 PSYoungGen      total 114688K, used 2461K [0x0000000740700000, 0x0000000748700000, 0x00000007c0000000)
  eden space 98304K, 0% used [0x0000000740700000,0x0000000740700000,0x0000000746700000)
  from space 16384K, 15% used [0x0000000747700000,0x0000000747967758,0x0000000748700000)
  to   space 16384K, 0% used [0x0000000746700000,0x0000000746700000,0x0000000747700000)
 ParOldGen       total 108544K, used 9727K [0x0000000641400000, 0x0000000647e00000, 0x0000000740700000)
  object space 108544K, 8% used [0x0000000641400000,0x0000000641d7fd78,0x0000000647e00000)
 Metaspace       used 21738K, capacity 22546K, committed 22656K, reserved 1069056K
  class space    used 2979K, capacity 3166K, committed 3200K, reserved 1048576K
}
Event: 9.227 GC heap before
{Heap before GC invocations=4 (full 1):
 PSYoungGen      total 114688K, used 100619K [0x0000000740700000, 0x0000000748700000, 0x00000007c0000000)
  eden space 98304K, 99% used [0x0000000740700000,0x00000007466db7e0,0x0000000746700000)
  from space 16384K, 15% used [0x0000000747700000,0x0000000747967758,0x0000000748700000)
  to   space 16384K, 0% used [0x0000000746700000,0x0000000746700000,0x0000000747700000)
 ParOldGen       total 108544K, used 9727K [0x0000000641400000, 0x0000000647e00000, 0x0000000740700000)
  object space 108544K, 8% used [0x0000000641400000,0x0000000641d7fd78,0x0000000647e00000)
 Metaspace       used 21739K, capacity 22546K, committed 22656K, reserved 1069056K
  class space    used 2979K, capacity 3166K, committed 3200K, reserved 1048576K
Event: 9.229 GC heap after
Heap after GC invocations=4 (full 1):
 PSYoungGen      total 114688K, used 1382K [0x0000000740700000, 0x000000074dc00000, 0x00000007c0000000)
  eden space 98304K, 0% used [0x0000000740700000,0x0000000740700000,0x0000000746700000)
  from space 16384K, 8% used [0x0000000746700000,0x0000000746859b48,0x0000000747700000)
  to   space 16384K, 0% used [0x000000074cc00000,0x000000074cc00000,0x000000074dc00000)
 ParOldGen       total 108544K, used 9735K [0x0000000641400000, 0x0000000647e00000, 0x0000000740700000)
  object space 108544K, 8% used [0x0000000641400000,0x0000000641d81d78,0x0000000647e00000)
 Metaspace       used 21739K, capacity 22546K, committed 22656K, reserved 1069056K
  class space    used 2979K, capacity 3166K, committed 3200K, reserved 1048576K
}
Event: 9.479 GC heap before
{Heap before GC invocations=5 (full 1):
 PSYoungGen      total 114688K, used 99686K [0x0000000740700000, 0x000000074dc00000, 0x00000007c0000000)
  eden space 98304K, 100% used [0x0000000740700000,0x0000000746700000,0x0000000746700000)
  from space 16384K, 8% used [0x0000000746700000,0x0000000746859b48,0x0000000747700000)
  to   space 16384K, 0% used [0x000000074cc00000,0x000000074cc00000,0x000000074dc00000)
 ParOldGen       total 108544K, used 9735K [0x0000000641400000, 0x0000000647e00000, 0x0000000740700000)
  object space 108544K, 8% used [0x0000000641400000,0x0000000641d81d78,0x0000000647e00000)
 Metaspace       used 22250K, capacity 23128K, committed 23552K, reserved 1069056K
  class space    used 3028K, capacity 3207K, committed 3328K, reserved 1048576K
Event: 9.481 GC heap after
Heap after GC invocations=5 (full 1):
 PSYoungGen      total 197632K, used 2422K [0x0000000740700000, 0x000000074da00000, 0x00000007c0000000)
  eden space 183296K, 0% used [0x0000000740700000,0x0000000740700000,0x000000074ba00000)
  from space 14336K, 16% used [0x000000074cc00000,0x000000074ce5dbd0,0x000000074da00000)
  to   space 16384K, 0% used [0x000000074ba00000,0x000000074ba00000,0x000000074ca00000)
 ParOldGen       total 108544K, used 9743K [0x0000000641400000, 0x0000000647e00000, 0x0000000740700000)
  object space 108544K, 8% used [0x0000000641400000,0x0000000641d83d78,0x0000000647e00000)
 Metaspace       used 22250K, capacity 23128K, committed 23552K, reserved 1069056K
  class space    used 3028K, capacity 3207K, committed 3328K, reserved 1048576K
}

