# JRE version: Java(TM) SE Runtime Environment (8.0_131-b11) (build 1.8.0_131-b11)
# Java VM: Java HotSpot(TM) 64-Bit Server VM (25.131-b11 mixed mode windows-amd64 compressed oops)
Heap:
 PSYoungGen      total 114688K, used 68691K [0x0000000740700000, 0x000000074e700000, 0x00000007c0000000)
  eden space 98304K, 57% used [0x0000000740700000,0x0000000743e53958,0x0000000746700000)
  from space 16384K, 73% used [0x0000000746700000,0x00000007472c1680,0x0000000747700000)
  to   space 16384K, 0% used [0x000000074d700000,0x000000074d700000,0x000000074e700000)
 ParOldGen       total 262144K, used 51K [0x0000000641400000, 0x0000000651400000, 0x0000000740700000)
  object space 262144K, 0% used [0x0000000641400000,0x000000064140cc50,0x0000000651400000)
 Metaspace       used 19793K, capacity 20512K, committed 20736K, reserved 1067008K
  class space    used 2614K, capacity 2791K, committed 2816K, reserved 1048576K
GC Heap History (6 events):
Event: 4.566 GC heap before
{Heap before GC invocations=1 (full 0):
 PSYoungGen      total 114688K, used 98241K [0x0000000740700000, 0x0000000748700000, 0x00000007c0000000)
  eden space 98304K, 99% used [0x0000000740700000,0x00000007466f0600,0x0000000746700000)
  from space 16384K, 0% used [0x0000000747700000,0x0000000747700000,0x0000000748700000)
  to   space 16384K, 0% used [0x0000000746700000,0x0000000746700000,0x0000000747700000)
 ParOldGen       total 262144K, used 0K [0x0000000641400000, 0x0000000651400000, 0x0000000740700000)
  object space 262144K, 0% used [0x0000000641400000,0x0000000641400000,0x0000000651400000)
 Metaspace       used 19171K, capacity 19922K, committed 20224K, reserved 1067008K
  class space    used 2561K, capacity 2748K, committed 2816K, reserved 1048576K
Event: 4.575 GC heap after
Heap after GC invocations=1 (full 0):
 PSYoungGen      total 114688K, used 13470K [0x0000000740700000, 0x0000000748700000, 0x00000007c0000000)
  eden space 98304K, 0% used [0x0000000740700000,0x0000000740700000,0x0000000746700000)
  from space 16384K, 82% used [0x0000000746700000,0x0000000747427ab0,0x0000000747700000)
  to   space 16384K, 0% used [0x0000000747700000,0x0000000747700000,0x0000000748700000)
 ParOldGen       total 262144K, used 43K [0x0000000641400000, 0x0000000651400000, 0x0000000740700000)
  object space 262144K, 0% used [0x0000000641400000,0x000000064140ac50,0x0000000651400000)
 Metaspace       used 19171K, capacity 19922K, committed 20224K, reserved 1067008K
  class space    used 2561K, capacity 2748K, committed 2816K, reserved 1048576K
}
Event: 4.597 GC heap before
{Heap before GC invocations=2 (full 0):
 PSYoungGen      total 114688K, used 111712K [0x0000000740700000, 0x0000000748700000, 0x00000007c0000000)
  eden space 98304K, 99% used [0x0000000740700000,0x00000007466f0620,0x0000000746700000)
  from space 16384K, 82% used [0x0000000746700000,0x0000000747427ab0,0x0000000747700000)
  to   space 16384K, 0% used [0x0000000747700000,0x0000000747700000,0x0000000748700000)
 ParOldGen       total 262144K, used 43K [0x0000000641400000, 0x0000000651400000, 0x0000000740700000)
  object space 262144K, 0% used [0x0000000641400000,0x000000064140ac50,0x0000000651400000)
 Metaspace       used 19188K, capacity 19924K, committed 20224K, reserved 1067008K
  class space    used 2563K, capacity 2749K, committed 2816K, reserved 1048576K
Event: 4.603 GC heap after
Heap after GC invocations=2 (full 0):
 PSYoungGen      total 114688K, used 12072K [0x0000000740700000, 0x000000074e700000, 0x00000007c0000000)
  eden space 98304K, 0% used [0x0000000740700000,0x0000000740700000,0x0000000746700000)
  from space 16384K, 73% used [0x0000000747700000,0x00000007482ca028,0x0000000748700000)
  to   space 16384K, 0% used [0x0000000746700000,0x0000000746700000,0x0000000747700000)
 ParOldGen       total 262144K, used 51K [0x0000000641400000, 0x0000000651400000, 0x0000000740700000)
  object space 262144K, 0% used [0x0000000641400000,0x000000064140cc50,0x0000000651400000)
 Metaspace       used 19188K, capacity 19924K, committed 20224K, reserved 1067008K
  class space    used 2563K, capacity 2749K, committed 2816K, reserved 1048576K
}
Event: 4.620 GC heap before
{Heap before GC invocations=3 (full 0):
 PSYoungGen      total 114688K, used 110369K [0x0000000740700000, 0x000000074e700000, 0x00000007c0000000)
  eden space 98304K, 99% used [0x0000000740700000,0x00000007466fe770,0x0000000746700000)
  from space 16384K, 73% used [0x0000000747700000,0x00000007482ca028,0x0000000748700000)
  to   space 16384K, 0% used [0x0000000746700000,0x0000000746700000,0x0000000747700000)
 ParOldGen       total 262144K, used 51K [0x0000000641400000, 0x0000000651400000, 0x0000000740700000)
  object space 262144K, 0% used [0x0000000641400000,0x000000064140cc50,0x0000000651400000)
 Metaspace       used 19189K, capacity 19924K, committed 20224K, reserved 1067008K
  class space    used 2563K, capacity 2749K, committed 2816K, reserved 1048576K
Event: 4.624 GC heap after
Heap after GC invocations=3 (full 0):
 PSYoungGen      total 114688K, used 12037K [0x0000000740700000, 0x000000074e700000, 0x00000007c0000000)
  eden space 98304K, 0% used [0x0000000740700000,0x0000000740700000,0x0000000746700000)
  from space 16384K, 73% used [0x0000000746700000,0x00000007472c1680,0x0000000747700000)
  to   space 16384K, 0% used [0x000000074d700000,0x000000074d700000,0x000000074e700000)
 ParOldGen       total 262144K, used 51K [0x0000000641400000, 0x0000000651400000, 0x0000000740700000)
  object space 262144K, 0% used [0x0000000641400000,0x000000064140cc50,0x0000000651400000)
 Metaspace       used 19189K, capacity 19924K, committed 20224K, reserved 1067008K
  class space    used 2563K, capacity 2749K, committed 2816K, reserved 1048576K
}

